<?xml version="1.0" encoding="UTF-8"?>
<!-- Generated by org.testng.reporters.JUnitReportReporter -->
<testsuite hostname="amal" failures="0" tests="1" name="test.PracticeTest" time="9.101" errors="0" timestamp="2025-03-13T12:02:03 IST" skipped="0">
  <testcase classname="test.PracticeTest" name="testMethod" time="9.101"/>
</testsuite> <!-- test.PracticeTest -->
