<?xml version="1.0" encoding="UTF-8"?>
<!-- Generated by org.testng.reporters.JUnitReportReporter -->
<testsuite hostname="amal" failures="0" tests="1" name="test.PracticeTest" time="8.578" errors="0" timestamp="2025-03-13T21:16:02 IST" skipped="0">
  <testcase classname="test.PracticeTest" name="testMethod" time="8.578"/>
</testsuite> <!-- test.PracticeTest -->
